# JRE version: OpenJDK Runtime Environment (8.0_222-b10) (build 1.8.0_222-8u222-b10-1ubuntu1~18.04.1-b10)
# Java VM: OpenJDK 64-Bit Server VM (25.222-b10 mixed mode linux-amd64 compressed oops)
Heap:
 PSYoungGen      total 264192K, used 27133K [0x00000000eb700000, 0x00000000fe400000, 0x0000000100000000)
  eden space 237056K, 0% used [0x00000000eb700000,0x00000000eb700000,0x00000000f9e80000)
  from space 27136K, 99% used [0x00000000f9e80000,0x00000000fb8ff440,0x00000000fb900000)
  to   space 10240K, 0% used [0x00000000fb900000,0x00000000fb900000,0x00000000fc300000)
 ParOldGen       total 92160K, used 82528K [0x00000000c2400000, 0x00000000c7e00000, 0x00000000eb700000)
  object space 92160K, 89% used [0x00000000c2400000,0x00000000c7498008,0x00000000c7e00000)
 Metaspace       used 26490K, capacity 27080K, committed 27392K, reserved 1073152K
  class space    used 3082K, capacity 3260K, committed 3328K, reserved 1048576K
GC Heap History (10 events):
Event: 11.170 GC heap after
Heap after GC invocations=5 (full 0):
 PSYoungGen      total 66048K, used 2544K [0x00000000eb700000, 0x00000000f4500000, 0x0000000100000000)
  eden space 63488K, 0% used [0x00000000eb700000,0x00000000eb700000,0x00000000ef500000)
  from space 2560K, 99% used [0x00000000ef500000,0x00000000ef77c010,0x00000000ef780000)
  to   space 9216K, 0% used [0x00000000f3c00000,0x00000000f3c00000,0x00000000f4500000)
 ParOldGen       total 42496K, used 13015K [0x00000000c2400000, 0x00000000c4d80000, 0x00000000eb700000)
  object space 42496K, 30% used [0x00000000c2400000,0x00000000c30b5f90,0x00000000c4d80000)
 Metaspace       used 16047K, capacity 16266K, committed 16384K, reserved 1062912K
  class space    used 1886K, capacity 1987K, committed 2048K, reserved 1048576K
}
Event: 13.274 GC heap before
{Heap before GC invocations=6 (full 0):
 PSYoungGen      total 66048K, used 66032K [0x00000000eb700000, 0x00000000f4500000, 0x0000000100000000)
  eden space 63488K, 100% used [0x00000000eb700000,0x00000000ef500000,0x00000000ef500000)
  from space 2560K, 99% used [0x00000000ef500000,0x00000000ef77c010,0x00000000ef780000)
  to   space 9216K, 0% used [0x00000000f3c00000,0x00000000f3c00000,0x00000000f4500000)
 ParOldGen       total 42496K, used 13015K [0x00000000c2400000, 0x00000000c4d80000, 0x00000000eb700000)
  object space 42496K, 30% used [0x00000000c2400000,0x00000000c30b5f90,0x00000000c4d80000)
 Metaspace       used 16780K, capacity 17170K, committed 17408K, reserved 1064960K
  class space    used 1917K, capacity 2031K, committed 2048K, reserved 1048576K
Event: 13.315 GC heap after
Heap after GC invocations=6 (full 0):
 PSYoungGen      total 135168K, used 5367K [0x00000000eb700000, 0x00000000f4400000, 0x0000000100000000)
  eden space 126976K, 0% used [0x00000000eb700000,0x00000000eb700000,0x00000000f3300000)
  from space 8192K, 65% used [0x00000000f3c00000,0x00000000f413dd50,0x00000000f4400000)
  to   space 8704K, 0% used [0x00000000f3300000,0x00000000f3300000,0x00000000f3b80000)
 ParOldGen       total 42496K, used 13023K [0x00000000c2400000, 0x00000000c4d80000, 0x00000000eb700000)
  object space 42496K, 30% used [0x00000000c2400000,0x00000000c30b7f90,0x00000000c4d80000)
 Metaspace       used 16780K, capacity 17170K, committed 17408K, reserved 1064960K
  class space    used 1917K, capacity 2031K, committed 2048K, reserved 1048576K
}
Event: 16.727 GC heap before
{Heap before GC invocations=7 (full 0):
 PSYoungGen      total 135168K, used 56130K [0x00000000eb700000, 0x00000000f4400000, 0x0000000100000000)
  eden space 126976K, 39% used [0x00000000eb700000,0x00000000ee892ca8,0x00000000f3300000)
  from space 8192K, 65% used [0x00000000f3c00000,0x00000000f413dd50,0x00000000f4400000)
  to   space 8704K, 0% used [0x00000000f3300000,0x00000000f3300000,0x00000000f3b80000)
 ParOldGen       total 42496K, used 13023K [0x00000000c2400000, 0x00000000c4d80000, 0x00000000eb700000)
  object space 42496K, 30% used [0x00000000c2400000,0x00000000c30b7f90,0x00000000c4d80000)
 Metaspace       used 20764K, capacity 21262K, committed 21504K, reserved 1069056K
  class space    used 2365K, capacity 2522K, committed 2560K, reserved 1048576K
Event: 16.776 GC heap after
Heap after GC invocations=7 (full 0):
 PSYoungGen      total 135680K, used 8698K [0x00000000eb700000, 0x00000000fc300000, 0x0000000100000000)
  eden space 126976K, 0% used [0x00000000eb700000,0x00000000eb700000,0x00000000f3300000)
  from space 8704K, 99% used [0x00000000f3300000,0x00000000f3b7e8e0,0x00000000f3b80000)
  to   space 10240K, 0% used [0x00000000fb900000,0x00000000fb900000,0x00000000fc300000)
 ParOldGen       total 42496K, used 14152K [0x00000000c2400000, 0x00000000c4d80000, 0x00000000eb700000)
  object space 42496K, 33% used [0x00000000c2400000,0x00000000c31d2318,0x00000000c4d80000)
 Metaspace       used 20764K, capacity 21262K, committed 21504K, reserved 1069056K
  class space    used 2365K, capacity 2522K, committed 2560K, reserved 1048576K
}
Event: 20.444 GC heap before
{Heap before GC invocations=8 (full 0):
 PSYoungGen      total 135680K, used 135674K [0x00000000eb700000, 0x00000000fc300000, 0x0000000100000000)
  eden space 126976K, 100% used [0x00000000eb700000,0x00000000f3300000,0x00000000f3300000)
  from space 8704K, 99% used [0x00000000f3300000,0x00000000f3b7e8e0,0x00000000f3b80000)
  to   space 10240K, 0% used [0x00000000fb900000,0x00000000fb900000,0x00000000fc300000)
 ParOldGen       total 42496K, used 14160K [0x00000000c2400000, 0x00000000c4d80000, 0x00000000eb700000)
  object space 42496K, 33% used [0x00000000c2400000,0x00000000c31d4230,0x00000000c4d80000)
 Metaspace       used 21033K, capacity 21518K, committed 21628K, reserved 1069056K
  class space    used 2377K, capacity 2522K, committed 2560K, reserved 1048576K
Event: 20.685 GC heap after
Heap after GC invocations=8 (full 0):
 PSYoungGen      total 247296K, used 10224K [0x00000000eb700000, 0x00000000fe400000, 0x0000000100000000)
  eden space 237056K, 0% used [0x00000000eb700000,0x00000000eb700000,0x00000000f9e80000)
  from space 10240K, 99% used [0x00000000fb900000,0x00000000fc2fc258,0x00000000fc300000)
  to   space 27136K, 0% used [0x00000000f9e80000,0x00000000f9e80000,0x00000000fb900000)
 ParOldGen       total 49152K, used 48880K [0x00000000c2400000, 0x00000000c5400000, 0x00000000eb700000)
  object space 49152K, 99% used [0x00000000c2400000,0x00000000c53bc210,0x00000000c5400000)
 Metaspace       used 21033K, capacity 21518K, committed 21628K, reserved 1069056K
  class space    used 2377K, capacity 2522K, committed 2560K, reserved 1048576K
}
Event: 20.685 GC heap before
{Heap before GC invocations=9 (full 1):
 PSYoungGen      total 247296K, used 10224K [0x00000000eb700000, 0x00000000fe400000, 0x0000000100000000)
  eden space 237056K, 0% used [0x00000000eb700000,0x00000000eb700000,0x00000000f9e80000)
  from space 10240K, 99% used [0x00000000fb900000,0x00000000fc2fc258,0x00000000fc300000)
  to   space 27136K, 0% used [0x00000000f9e80000,0x00000000f9e80000,0x00000000fb900000)
 ParOldGen       total 49152K, used 48880K [0x00000000c2400000, 0x00000000c5400000, 0x00000000eb700000)
  object space 49152K, 99% used [0x00000000c2400000,0x00000000c53bc210,0x00000000c5400000)
 Metaspace       used 21033K, capacity 21518K, committed 21628K, reserved 1069056K
  class space    used 2377K, capacity 2522K, committed 2560K, reserved 1048576K
Event: 21.181 GC heap after
Heap after GC invocations=9 (full 1):
 PSYoungGen      total 247296K, used 1463K [0x00000000eb700000, 0x00000000fe400000, 0x0000000100000000)
  eden space 237056K, 0% used [0x00000000eb700000,0x00000000eb700000,0x00000000f9e80000)
  from space 10240K, 14% used [0x00000000fb900000,0x00000000fba6de50,0x00000000fc300000)
  to   space 27136K, 0% used [0x00000000f9e80000,0x00000000f9e80000,0x00000000fb900000)
 ParOldGen       total 92160K, used 48849K [0x00000000c2400000, 0x00000000c7e00000, 0x00000000eb700000)
  object space 92160K, 53% used [0x00000000c2400000,0x00000000c53b4540,0x00000000c7e00000)
 Metaspace       used 21033K, capacity 21518K, committed 21628K, reserved 1069056K
  class space    used 2377K, capacity 2522K, committed 2560K, reserved 1048576K
}
Event: 28.378 GC heap before
{Heap before GC invocations=10 (full 1):
 PSYoungGen      total 247296K, used 238519K [0x00000000eb700000, 0x00000000fe400000, 0x0000000100000000)
  eden space 237056K, 100% used [0x00000000eb700000,0x00000000f9e80000,0x00000000f9e80000)
  from space 10240K, 14% used [0x00000000fb900000,0x00000000fba6de50,0x00000000fc300000)
  to   space 27136K, 0% used [0x00000000f9e80000,0x00000000f9e80000,0x00000000fb900000)
 ParOldGen       total 92160K, used 49299K [0x00000000c2400000, 0x00000000c7e00000, 0x00000000eb700000)
  object space 92160K, 53% used [0x00000000c2400000,0x00000000c5424d50,0x00000000c7e00000)
 Metaspace       used 26490K, capacity 27080K, committed 27392K, reserved 1073152K
  class space    used 3082K, capacity 3260K, committed 3328K, reserved 1048576K

