# JRE version: OpenJDK Runtime Environment (8.0_222-b10) (build 1.8.0_222-8u222-b10-1ubuntu1~18.04.1-b10)
# Java VM: OpenJDK 64-Bit Server VM (25.222-b10 mixed mode linux-amd64 compressed oops)
Heap:
 PSYoungGen      total 135168K, used 8169K [0x00000000eb700000, 0x00000000f4300000, 0x0000000100000000)
  eden space 126976K, 0% used [0x00000000eb700000,0x00000000eb700000,0x00000000f3300000)
  from space 8192K, 99% used [0x00000000f3300000,0x00000000f3afa6c8,0x00000000f3b00000)
  to   space 8192K, 0% used [0x00000000f3b00000,0x00000000f3b00000,0x00000000f4300000)
 ParOldGen       total 30208K, used 11158K [0x00000000c2400000, 0x00000000c4180000, 0x00000000eb700000)
  object space 30208K, 36% used [0x00000000c2400000,0x00000000c2ee5a88,0x00000000c4180000)
 Metaspace       used 31491K, capacity 32912K, committed 33280K, reserved 1079296K
  class space    used 3946K, capacity 4226K, committed 4352K, reserved 1048576K
GC Heap History (10 events):
Event: 3.477 GC heap after
Heap after GC invocations=3 (full 0):
 PSYoungGen      total 34304K, used 2541K [0x00000000eb700000, 0x00000000efa00000, 0x0000000100000000)
  eden space 31744K, 0% used [0x00000000eb700000,0x00000000eb700000,0x00000000ed600000)
  from space 2560K, 99% used [0x00000000ed600000,0x00000000ed87b4e8,0x00000000ed880000)
  to   space 2560K, 0% used [0x00000000ef780000,0x00000000ef780000,0x00000000efa00000)
 ParOldGen       total 42496K, used 3250K [0x00000000c2400000, 0x00000000c4d80000, 0x00000000eb700000)
  object space 42496K, 7% used [0x00000000c2400000,0x00000000c272c950,0x00000000c4d80000)
 Metaspace       used 12429K, capacity 12762K, committed 12928K, reserved 1060864K
  class space    used 1572K, capacity 1661K, committed 1664K, reserved 1048576K
}
Event: 4.359 GC heap before
{Heap before GC invocations=4 (full 0):
 PSYoungGen      total 34304K, used 34285K [0x00000000eb700000, 0x00000000efa00000, 0x0000000100000000)
  eden space 31744K, 100% used [0x00000000eb700000,0x00000000ed600000,0x00000000ed600000)
  from space 2560K, 99% used [0x00000000ed600000,0x00000000ed87b4e8,0x00000000ed880000)
  to   space 2560K, 0% used [0x00000000ef780000,0x00000000ef780000,0x00000000efa00000)
 ParOldGen       total 42496K, used 3250K [0x00000000c2400000, 0x00000000c4d80000, 0x00000000eb700000)
  object space 42496K, 7% used [0x00000000c2400000,0x00000000c272c950,0x00000000c4d80000)
 Metaspace       used 15919K, capacity 16312K, committed 16512K, reserved 1062912K
  class space    used 2020K, capacity 2154K, committed 2176K, reserved 1048576K
Event: 4.397 GC heap after
Heap after GC invocations=4 (full 0):
 PSYoungGen      total 66048K, used 2528K [0x00000000eb700000, 0x00000000efa00000, 0x0000000100000000)
  eden space 63488K, 0% used [0x00000000eb700000,0x00000000eb700000,0x00000000ef500000)
  from space 2560K, 98% used [0x00000000ef780000,0x00000000ef9f8020,0x00000000efa00000)
  to   space 2560K, 0% used [0x00000000ef500000,0x00000000ef500000,0x00000000ef780000)
 ParOldGen       total 42496K, used 6702K [0x00000000c2400000, 0x00000000c4d80000, 0x00000000eb700000)
  object space 42496K, 15% used [0x00000000c2400000,0x00000000c2a8b948,0x00000000c4d80000)
 Metaspace       used 15919K, capacity 16312K, committed 16512K, reserved 1062912K
  class space    used 2020K, capacity 2154K, committed 2176K, reserved 1048576K
}
Event: 5.487 GC heap before
{Heap before GC invocations=5 (full 0):
 PSYoungGen      total 66048K, used 66013K [0x00000000eb700000, 0x00000000efa00000, 0x0000000100000000)
  eden space 63488K, 99% used [0x00000000eb700000,0x00000000ef4ff740,0x00000000ef500000)
  from space 2560K, 98% used [0x00000000ef780000,0x00000000ef9f8020,0x00000000efa00000)
  to   space 2560K, 0% used [0x00000000ef500000,0x00000000ef500000,0x00000000ef780000)
 ParOldGen       total 42496K, used 6702K [0x00000000c2400000, 0x00000000c4d80000, 0x00000000eb700000)
  object space 42496K, 15% used [0x00000000c2400000,0x00000000c2a8b948,0x00000000c4d80000)
 Metaspace       used 19882K, capacity 20414K, committed 20608K, reserved 1067008K
  class space    used 2497K, capacity 2647K, committed 2688K, reserved 1048576K
Event: 5.528 GC heap after
Heap after GC invocations=5 (full 0):
 PSYoungGen      total 66048K, used 2528K [0x00000000eb700000, 0x00000000f4300000, 0x0000000100000000)
  eden space 63488K, 0% used [0x00000000eb700000,0x00000000eb700000,0x00000000ef500000)
  from space 2560K, 98% used [0x00000000ef500000,0x00000000ef778020,0x00000000ef780000)
  to   space 8192K, 0% used [0x00000000f3b00000,0x00000000f3b00000,0x00000000f4300000)
 ParOldGen       total 42496K, used 11178K [0x00000000c2400000, 0x00000000c4d80000, 0x00000000eb700000)
  object space 42496K, 26% used [0x00000000c2400000,0x00000000c2eeaa20,0x00000000c4d80000)
 Metaspace       used 19882K, capacity 20414K, committed 20608K, reserved 1067008K
  class space    used 2497K, capacity 2647K, committed 2688K, reserved 1048576K
}
Event: 5.737 GC heap before
{Heap before GC invocations=6 (full 0):
 PSYoungGen      total 66048K, used 12417K [0x00000000eb700000, 0x00000000f4300000, 0x0000000100000000)
  eden space 63488K, 15% used [0x00000000eb700000,0x00000000ec0a8410,0x00000000ef500000)
  from space 2560K, 98% used [0x00000000ef500000,0x00000000ef778020,0x00000000ef780000)
  to   space 8192K, 0% used [0x00000000f3b00000,0x00000000f3b00000,0x00000000f4300000)
 ParOldGen       total 42496K, used 11178K [0x00000000c2400000, 0x00000000c4d80000, 0x00000000eb700000)
  object space 42496K, 26% used [0x00000000c2400000,0x00000000c2eeaa20,0x00000000c4d80000)
 Metaspace       used 20647K, capacity 21106K, committed 21248K, reserved 1067008K
  class space    used 2583K, capacity 2747K, committed 2816K, reserved 1048576K
Event: 5.756 GC heap after
Heap after GC invocations=6 (full 0):
 PSYoungGen      total 135168K, used 3502K [0x00000000eb700000, 0x00000000f4300000, 0x0000000100000000)
  eden space 126976K, 0% used [0x00000000eb700000,0x00000000eb700000,0x00000000f3300000)
  from space 8192K, 42% used [0x00000000f3b00000,0x00000000f3e6b8e8,0x00000000f4300000)
  to   space 8192K, 0% used [0x00000000f3300000,0x00000000f3300000,0x00000000f3b00000)
 ParOldGen       total 42496K, used 11178K [0x00000000c2400000, 0x00000000c4d80000, 0x00000000eb700000)
  object space 42496K, 26% used [0x00000000c2400000,0x00000000c2eeaa20,0x00000000c4d80000)
 Metaspace       used 20647K, capacity 21106K, committed 21248K, reserved 1067008K
  class space    used 2583K, capacity 2747K, committed 2816K, reserved 1048576K
}
Event: 5.757 GC heap before
{Heap before GC invocations=7 (full 1):
 PSYoungGen      total 135168K, used 3502K [0x00000000eb700000, 0x00000000f4300000, 0x0000000100000000)
  eden space 126976K, 0% used [0x00000000eb700000,0x00000000eb700000,0x00000000f3300000)
  from space 8192K, 42% used [0x00000000f3b00000,0x00000000f3e6b8e8,0x00000000f4300000)
  to   space 8192K, 0% used [0x00000000f3300000,0x00000000f3300000,0x00000000f3b00000)
 ParOldGen       total 42496K, used 11178K [0x00000000c2400000, 0x00000000c4d80000, 0x00000000eb700000)
  object space 42496K, 26% used [0x00000000c2400000,0x00000000c2eeaa20,0x00000000c4d80000)
 Metaspace       used 20647K, capacity 21106K, committed 21248K, reserved 1067008K
  class space    used 2583K, capacity 2747K, committed 2816K, reserved 1048576K
Event: 5.826 GC heap after
Heap after GC invocations=7 (full 1):
 PSYoungGen      total 135168K, used 0K [0x00000000eb700000, 0x00000000f4300000, 0x0000000100000000)
  eden space 126976K, 0% used [0x00000000eb700000,0x00000000eb700000,0x00000000f3300000)
  from space 8192K, 0% used [0x00000000f3b00000,0x00000000f3b00000,0x00000000f4300000)
  to   space 8192K, 0% used [0x00000000f3300000,0x00000000f3300000,0x00000000f3b00000)
 ParOldGen       total 30208K, used 5293K [0x00000000c2400000, 0x00000000c4180000, 0x00000000eb700000)
  object space 30208K, 17% used [0x00000000c2400000,0x00000000c292b7a8,0x00000000c4180000)
 Metaspace       used 20645K, capacity 21100K, committed 21248K, reserved 1067008K
  class space    used 2583K, capacity 2746K, committed 2816K, reserved 1048576K
}
Event: 24.601 GC heap before
{Heap before GC invocations=8 (full 1):
 PSYoungGen      total 135168K, used 126976K [0x00000000eb700000, 0x00000000f4300000, 0x0000000100000000)
  eden space 126976K, 100% used [0x00000000eb700000,0x00000000f3300000,0x00000000f3300000)
  from space 8192K, 0% used [0x00000000f3b00000,0x00000000f3b00000,0x00000000f4300000)
  to   space 8192K, 0% used [0x00000000f3300000,0x00000000f3300000,0x00000000f3b00000)
 ParOldGen       total 30208K, used 5293K [0x00000000c2400000, 0x00000000c4180000, 0x00000000eb700000)
  object space 30208K, 17% used [0x00000000c2400000,0x00000000c292b7a8,0x00000000c4180000)
 Metaspace       used 31491K, capacity 32912K, committed 33280K, reserved 1079296K
  class space    used 3946K, capacity 4226K, committed 4352K, reserved 1048576K

